Loading Hardhat config...
[dotenv@17.2.3] injecting env (0) from .env -- tip: ⚙️  specify custom .env file path with { path: '/custom/path/.env' }

Warning: SPDX license identifier not provided in source file. Before publishing, consider adding a comment containing "SPDX-License-Identifier: <SPDX-License>" to each source file. Use "SPDX-License-Identifier: UNLICENSED" for non-open-source code. Please see https://spdx.org for more information.
--> ./node_modules/@uniswap/v2-core/contracts/interfaces/IUniswapV2Pair.sol

Warning: Unused function parameter. Remove or comment out the variable name to silence this warning.
  --> ./contracts/InterestPool.sol:90:9:
   |
90 |         address _rateOracle
   |         ^^^^^^^^^^^^^^^^^^^

Warning: Unused function parameter. Remove or comment out the variable name to silence this warning.
  --> ./contracts/local/MockPriceOracle.sol:89:23:
   |
89 |     function getPrice(address token) external view override returns (uint256) {
   |                       ^^^^^^^^^^^^^

Warning: Unused function parameter. Remove or comment out the variable name to silence this warning.
  --> ./contracts/local/UniswapV2Pair.sol:81:52:
   |
81 |     function _update(uint balance0, uint balance1, uint112 _reserve0, uint112 _reserve1) private {
   |                                                    ^^^^^^^^^^^^^^^^^

Warning: Unused function parameter. Remove or comment out the variable name to silence this warning.
  --> ./contracts/local/UniswapV2Pair.sol:81:71:
   |
81 |     function _update(uint balance0, uint balance1, uint112 _reserve0, uint112 _reserve1) private {
   |                                                                       ^^^^^^^^^^^^^^^^^

Warning: Function state mutability can be restricted to pure
  --> ./contracts/local/MockPriceOracle.sol:89:5:
   |
89 |     function getPrice(address token) external view override returns (uint256) {
   |     ^ (Relevant source part starts here and spans across multiple lines).



=> configure roles...
   -> Grant BTD MINTER to owner
   -> Grant BTB MINTER to owner
   -> Grant BTD MINTER to Minter
   -> Grant BTB MINTER to Minter
=> set oracle prices...
=> add LP liquidity and mint LP...
   ✓ WBTC/USDC LP minted: 30937
   ✓ BTD/USDC LP minted: 999999999000
   ✓ BTB/BTD LP minted: 999999999999999000
   ✓ BRS/BTD LP minted: 9999999999999000
=> init stBTD/stBTB vaults...
=> configure FarmingPool pools...
=> seed staking for pools...
   ⚠️  pool 0 (BRS/BTD LP) stake skipped/failed: The contract function "deposit" reverted with the following reason:
Internal error

Contract Call:
  address:   0x851356ae760d987E095750cCeb3bC6014560891C
  function:  deposit(uint256 pid, uint256 amount)
  args:             (0, 99999999999990)
  sender:    0xf39fd6e51aad88f6f4ce6ab8827279cfffb92266

Docs: https://viem.sh/docs/contract/writeContract
Version: viem@2.43.3
   ✓ pool 1 (BTD/USDC LP) staked 9999999990
   ✓ pool 2 (BTB/BTD LP) staked 9999999999999990
   ✓ pool 3 (USDC) staked 1000000
   ✓ pool 4 (USDT) staked 1000000
   ✓ pool 5 (WBTC) staked 500
   ✓ pool 6 (WETH) staked 200000000000000
   ✓ pool 7 (stBTD) staked 1000000000000000000
   ✓ pool 8 (stBTB) staked 1000000000000000000
   ✓ pool 9 (BRS) staked 900000000000000000
=> BRS rewards already in FarmingPool (from Ignition deployment)
=> distribute test tokens to 4 specified addresses...
   ✓ 0x8F78bE5c6b41C2d7634d25C7db22b26409671ca9: 1000 WBTC, 100M USDC, 100M USDT, 1000 ETH
   ✓ 0xb53f41e806ab204b2525bd8b43909d47b32a04ac: 1000 WBTC, 100M USDC, 100M USDT, 1000 ETH
   ✓ 0x9b7cd6e80158361a513673b43ed6decc42a70eba: 1000 WBTC, 100M USDC, 100M USDT, 1000 ETH
   ✓ 0xc593617408c1de3561bec95cdbc316b3cb823c8d: 1000 WBTC, 100M USDC, 100M USDT, 1000 ETH
✅ init done
