Loading Hardhat config...
[dotenv@17.2.3] injecting env (0) from .env -- tip: ⚙️  override existing env vars with { override: true }
Downloading solc 0.8.30
Downloading solc 0.8.30 (WASM build)






Warning: SPDX license identifier not provided in source file. Before publishing, consider adding a comment containing "SPDX-License-Identifier: <SPDX-License>" to each source file. Use "SPDX-License-Identifier: UNLICENSED" for non-open-source code. Please see https://spdx.org for more information.
--> ./node_modules/@uniswap/v2-core/contracts/interfaces/IUniswapV2Pair.sol




Warning: Unused function parameter. Remove or comment out the variable name to silence this warning.
  --> ./contracts/InterestPool.sol:90:9:
   |
90 |         address _rateOracle
   |         ^^^^^^^^^^^^^^^^^^^



































Warning: Unused function parameter. Remove or comment out the variable name to silence this warning.
  --> ./contracts/local/MockPriceOracle.sol:89:23:
   |
89 |     function getPrice(address token) external view override returns (uint256) {
   |                       ^^^^^^^^^^^^^

Warning: Function state mutability can be restricted to pure
  --> ./contracts/local/MockPriceOracle.sol:89:5:
   |
89 |     function getPrice(address token) external view override returns (uint256) {
   |     ^ (Relevant source part starts here and spans across multiple lines).








Warning: Unused function parameter. Remove or comment out the variable name to silence this warning.
  --> ./contracts/local/UniswapV2Pair.sol:81:52:
   |
81 |     function _update(uint balance0, uint balance1, uint112 _reserve0, uint112 _reserve1) private {
   |                                                    ^^^^^^^^^^^^^^^^^

Warning: Unused function parameter. Remove or comment out the variable name to silence this warning.
  --> ./contracts/local/UniswapV2Pair.sol:81:71:
   |
81 |     function _update(uint balance0, uint balance1, uint112 _reserve0, uint112 _reserve1) private {
   |                                                                       ^^^^^^^^^^^^^^^^^




Hardhat Ignition starting for [ FullSystemV2 ]...[2K[1GHardhat Ignition 🚀

Deploying [ FullSystemV2 ]

Batch #1
  Executing FullSystemV2#BRS...
  Executing FullSystemV2#BTB...
  Executing FullSystemV2#BTD...
  Executing FullSystemV2#ChainlinkBTCUSD...
  Executing FullSystemV2#ChainlinkWBTCBTC...
  Executing FullSystemV2#ConfigGov...
  Executing FullSystemV2#MockPyth...
  Executing FullSystemV2#MockRedstone...
  Executing FullSystemV2#PairBRSBTD...
  Executing FullSystemV2#PairBTBBTD...
  Executing FullSystemV2#PairBTDUSDC...
  Executing FullSystemV2#PairWBTCUSDC...
  Executing FullSystemV2#TWAPOracle...
  Executing FullSystemV2#USDC...
  Executing FullSystemV2#USDT...
  Executing FullSystemV2#WBTC...
  Executing FullSystemV2#WETH...

[19A[0JBatch #1
  Executing FullSystemV2#BRS...
  Executing FullSystemV2#BTB...
  Executing FullSystemV2#BTD...
  Executing FullSystemV2#ChainlinkBTCUSD...
  Executing FullSystemV2#ChainlinkWBTCBTC...
  Executing FullSystemV2#ConfigGov...
  Executing FullSystemV2#MockPyth...
  Executing FullSystemV2#MockRedstone...
  Executing FullSystemV2#PairBRSBTD...
  Executing FullSystemV2#PairBTBBTD...
  Executing FullSystemV2#PairBTDUSDC...
  Executing FullSystemV2#PairWBTCUSDC...
  Executing FullSystemV2#TWAPOracle...
  Executing FullSystemV2#USDC...
  Executing FullSystemV2#USDT...
  Executing FullSystemV2#WBTC...
  Executing FullSystemV2#WETH...

[19A[0JBatch #1
  Executed FullSystemV2#BRS
  Executing FullSystemV2#BTB...
  Executing FullSystemV2#BTD...
  Executing FullSystemV2#ChainlinkBTCUSD...
  Executing FullSystemV2#ChainlinkWBTCBTC...
  Executing FullSystemV2#ConfigGov...
  Executing FullSystemV2#MockPyth...
  Executing FullSystemV2#MockRedstone...
  Executing FullSystemV2#PairBRSBTD...
  Executing FullSystemV2#PairBTBBTD...
  Executing FullSystemV2#PairBTDUSDC...
  Executing FullSystemV2#PairWBTCUSDC...
  Executing FullSystemV2#TWAPOracle...
  Executing FullSystemV2#USDC...
  Executing FullSystemV2#USDT...
  Executing FullSystemV2#WBTC...
  Executing FullSystemV2#WETH...

[19A[0JBatch #1
  Executed FullSystemV2#BRS
  Executing FullSystemV2#BTB...
  Executing FullSystemV2#BTD...
  Executing FullSystemV2#ChainlinkBTCUSD...
  Executing FullSystemV2#ChainlinkWBTCBTC...
  Executing FullSystemV2#ConfigGov...
  Executing FullSystemV2#MockPyth...
  Executing FullSystemV2#MockRedstone...
  Executing FullSystemV2#PairBRSBTD...
  Executing FullSystemV2#PairBTBBTD...
  Executing FullSystemV2#PairBTDUSDC...
  Executing FullSystemV2#PairWBTCUSDC...
  Executing FullSystemV2#TWAPOracle...
  Executing FullSystemV2#USDC...
  Executing FullSystemV2#USDT...
  Executing FullSystemV2#WBTC...
  Executing FullSystemV2#WETH...

[19A[0JBatch #1
  Executed FullSystemV2#BRS
  Executed FullSystemV2#BTB
  Executing FullSystemV2#BTD...
  Executing FullSystemV2#ChainlinkBTCUSD...
  Executing FullSystemV2#ChainlinkWBTCBTC...
  Executing FullSystemV2#ConfigGov...
  Executing FullSystemV2#MockPyth...
  Executing FullSystemV2#MockRedstone...
  Executing FullSystemV2#PairBRSBTD...
  Executing FullSystemV2#PairBTBBTD...
  Executing FullSystemV2#PairBTDUSDC...
  Executing FullSystemV2#PairWBTCUSDC...
  Executing FullSystemV2#TWAPOracle...
  Executing FullSystemV2#USDC...
  Executing FullSystemV2#USDT...
  Executing FullSystemV2#WBTC...
  Executing FullSystemV2#WETH...

[19A[0JBatch #1
  Executed FullSystemV2#BRS
  Executed FullSystemV2#BTB
  Executing FullSystemV2#BTD...
  Executing FullSystemV2#ChainlinkBTCUSD...
  Executing FullSystemV2#ChainlinkWBTCBTC...
  Executing FullSystemV2#ConfigGov...
  Executing FullSystemV2#MockPyth...
  Executing FullSystemV2#MockRedstone...
  Executing FullSystemV2#PairBRSBTD...
  Executing FullSystemV2#PairBTBBTD...
  Executing FullSystemV2#PairBTDUSDC...
  Executing FullSystemV2#PairWBTCUSDC...
  Executing FullSystemV2#TWAPOracle...
  Executing FullSystemV2#USDC...
  Executing FullSystemV2#USDT...
  Executing FullSystemV2#WBTC...
  Executing FullSystemV2#WETH...

[19A[0JBatch #1
  Executed FullSystemV2#BRS
  Executed FullSystemV2#BTB
  Executed FullSystemV2#BTD
  Executing FullSystemV2#ChainlinkBTCUSD...
  Executing FullSystemV2#ChainlinkWBTCBTC...
  Executing FullSystemV2#ConfigGov...
  Executing FullSystemV2#MockPyth...
  Executing FullSystemV2#MockRedstone...
  Executing FullSystemV2#PairBRSBTD...
  Executing FullSystemV2#PairBTBBTD...
  Executing FullSystemV2#PairBTDUSDC...
  Executing FullSystemV2#PairWBTCUSDC...
  Executing FullSystemV2#TWAPOracle...
  Executing FullSystemV2#USDC...
  Executing FullSystemV2#USDT...
  Executing FullSystemV2#WBTC...
  Executing FullSystemV2#WETH...

[19A[0JBatch #1
  Executed FullSystemV2#BRS
  Executed FullSystemV2#BTB
  Executed FullSystemV2#BTD
  Executing FullSystemV2#ChainlinkBTCUSD...
  Executing FullSystemV2#ChainlinkWBTCBTC...
  Executing FullSystemV2#ConfigGov...
  Executing FullSystemV2#MockPyth...
  Executing FullSystemV2#MockRedstone...
  Executing FullSystemV2#PairBRSBTD...
  Executing FullSystemV2#PairBTBBTD...
  Executing FullSystemV2#PairBTDUSDC...
  Executing FullSystemV2#PairWBTCUSDC...
  Executing FullSystemV2#TWAPOracle...
  Executing FullSystemV2#USDC...
  Executing FullSystemV2#USDT...
  Executing FullSystemV2#WBTC...
  Executing FullSystemV2#WETH...

[19A[0JBatch #1
  Executed FullSystemV2#BRS
  Executed FullSystemV2#BTB
  Executed FullSystemV2#BTD
  Executed FullSystemV2#ChainlinkBTCUSD
  Executing FullSystemV2#ChainlinkWBTCBTC...
  Executing FullSystemV2#ConfigGov...
  Executing FullSystemV2#MockPyth...
  Executing FullSystemV2#MockRedstone...
  Executing FullSystemV2#PairBRSBTD...
  Executing FullSystemV2#PairBTBBTD...
  Executing FullSystemV2#PairBTDUSDC...
  Executing FullSystemV2#PairWBTCUSDC...
  Executing FullSystemV2#TWAPOracle...
  Executing FullSystemV2#USDC...
  Executing FullSystemV2#USDT...
  Executing FullSystemV2#WBTC...
  Executing FullSystemV2#WETH...

[19A[0JBatch #1
  Executed FullSystemV2#BRS
  Executed FullSystemV2#BTB
  Executed FullSystemV2#BTD
  Executed FullSystemV2#ChainlinkBTCUSD
  Executing FullSystemV2#ChainlinkWBTCBTC...
  Executing FullSystemV2#ConfigGov...
  Executing FullSystemV2#MockPyth...
  Executing FullSystemV2#MockRedstone...
  Executing FullSystemV2#PairBRSBTD...
  Executing FullSystemV2#PairBTBBTD...
  Executing FullSystemV2#PairBTDUSDC...
  Executing FullSystemV2#PairWBTCUSDC...
  Executing FullSystemV2#TWAPOracle...
  Executing FullSystemV2#USDC...
  Executing FullSystemV2#USDT...
  Executing FullSystemV2#WBTC...
  Executing FullSystemV2#WETH...

[19A[0JBatch #1
  Executed FullSystemV2#BRS
  Executed FullSystemV2#BTB
  Executed FullSystemV2#BTD
  Executed FullSystemV2#ChainlinkBTCUSD
  Executed FullSystemV2#ChainlinkWBTCBTC
  Executing FullSystemV2#ConfigGov...
  Executing FullSystemV2#MockPyth...
  Executing FullSystemV2#MockRedstone...
  Executing FullSystemV2#PairBRSBTD...
  Executing FullSystemV2#PairBTBBTD...
  Executing FullSystemV2#PairBTDUSDC...
  Executing FullSystemV2#PairWBTCUSDC...
  Executing FullSystemV2#TWAPOracle...
  Executing FullSystemV2#USDC...
  Executing FullSystemV2#USDT...
  Executing FullSystemV2#WBTC...
  Executing FullSystemV2#WETH...

[19A[0JBatch #1
  Executed FullSystemV2#BRS
  Executed FullSystemV2#BTB
  Executed FullSystemV2#BTD
  Executed FullSystemV2#ChainlinkBTCUSD
  Executed FullSystemV2#ChainlinkWBTCBTC
  Executing FullSystemV2#ConfigGov...
  Executing FullSystemV2#MockPyth...
  Executing FullSystemV2#MockRedstone...
  Executing FullSystemV2#PairBRSBTD...
  Executing FullSystemV2#PairBTBBTD...
  Executing FullSystemV2#PairBTDUSDC...
  Executing FullSystemV2#PairWBTCUSDC...
  Executing FullSystemV2#TWAPOracle...
  Executing FullSystemV2#USDC...
  Executing FullSystemV2#USDT...
  Executing FullSystemV2#WBTC...
  Executing FullSystemV2#WETH...

[19A[0JBatch #1
  Executed FullSystemV2#BRS
  Executed FullSystemV2#BTB
  Executed FullSystemV2#BTD
  Executed FullSystemV2#ChainlinkBTCUSD
  Executed FullSystemV2#ChainlinkWBTCBTC
  Executed FullSystemV2#ConfigGov
  Executing FullSystemV2#MockPyth...
  Executing FullSystemV2#MockRedstone...
  Executing FullSystemV2#PairBRSBTD...
  Executing FullSystemV2#PairBTBBTD...
  Executing FullSystemV2#PairBTDUSDC...
  Executing FullSystemV2#PairWBTCUSDC...
  Executing FullSystemV2#TWAPOracle...
  Executing FullSystemV2#USDC...
  Executing FullSystemV2#USDT...
  Executing FullSystemV2#WBTC...
  Executing FullSystemV2#WETH...

[19A[0JBatch #1
  Executed FullSystemV2#BRS
  Executed FullSystemV2#BTB
  Executed FullSystemV2#BTD
  Executed FullSystemV2#ChainlinkBTCUSD
  Executed FullSystemV2#ChainlinkWBTCBTC
  Executed FullSystemV2#ConfigGov
  Executing FullSystemV2#MockPyth...
  Executing FullSystemV2#MockRedstone...
  Executing FullSystemV2#PairBRSBTD...
  Executing FullSystemV2#PairBTBBTD...
  Executing FullSystemV2#PairBTDUSDC...
  Executing FullSystemV2#PairWBTCUSDC...
  Executing FullSystemV2#TWAPOracle...
  Executing FullSystemV2#USDC...
  Executing FullSystemV2#USDT...
  Executing FullSystemV2#WBTC...
  Executing FullSystemV2#WETH...

[19A[0JBatch #1
  Executed FullSystemV2#BRS
  Executed FullSystemV2#BTB
  Executed FullSystemV2#BTD
  Executed FullSystemV2#ChainlinkBTCUSD
  Executed FullSystemV2#ChainlinkWBTCBTC
  Executed FullSystemV2#ConfigGov
  Executed FullSystemV2#MockPyth
  Executing FullSystemV2#MockRedstone...
  Executing FullSystemV2#PairBRSBTD...
  Executing FullSystemV2#PairBTBBTD...
  Executing FullSystemV2#PairBTDUSDC...
  Executing FullSystemV2#PairWBTCUSDC...
  Executing FullSystemV2#TWAPOracle...
  Executing FullSystemV2#USDC...
  Executing FullSystemV2#USDT...
  Executing FullSystemV2#WBTC...
  Executing FullSystemV2#WETH...

[19A[0JBatch #1
  Executed FullSystemV2#BRS
  Executed FullSystemV2#BTB
  Executed FullSystemV2#BTD
  Executed FullSystemV2#ChainlinkBTCUSD
  Executed FullSystemV2#ChainlinkWBTCBTC
  Executed FullSystemV2#ConfigGov
  Executed FullSystemV2#MockPyth
  Executing FullSystemV2#MockRedstone...
  Executing FullSystemV2#PairBRSBTD...
  Executing FullSystemV2#PairBTBBTD...
  Executing FullSystemV2#PairBTDUSDC...
  Executing FullSystemV2#PairWBTCUSDC...
  Executing FullSystemV2#TWAPOracle...
  Executing FullSystemV2#USDC...
  Executing FullSystemV2#USDT...
  Executing FullSystemV2#WBTC...
  Executing FullSystemV2#WETH...

[19A[0JBatch #1
  Executed FullSystemV2#BRS
  Executed FullSystemV2#BTB
  Executed FullSystemV2#BTD
  Executed FullSystemV2#ChainlinkBTCUSD
  Executed FullSystemV2#ChainlinkWBTCBTC
  Executed FullSystemV2#ConfigGov
  Executed FullSystemV2#MockPyth
  Executed FullSystemV2#MockRedstone
  Executing FullSystemV2#PairBRSBTD...
  Executing FullSystemV2#PairBTBBTD...
  Executing FullSystemV2#PairBTDUSDC...
  Executing FullSystemV2#PairWBTCUSDC...
  Executing FullSystemV2#TWAPOracle...
  Executing FullSystemV2#USDC...
  Executing FullSystemV2#USDT...
  Executing FullSystemV2#WBTC...
  Executing FullSystemV2#WETH...

[19A[0JBatch #1
  Executed FullSystemV2#BRS
  Executed FullSystemV2#BTB
  Executed FullSystemV2#BTD
  Executed FullSystemV2#ChainlinkBTCUSD
  Executed FullSystemV2#ChainlinkWBTCBTC
  Executed FullSystemV2#ConfigGov
  Executed FullSystemV2#MockPyth
  Executed FullSystemV2#MockRedstone
  Executing FullSystemV2#PairBRSBTD...
  Executing FullSystemV2#PairBTBBTD...
  Executing FullSystemV2#PairBTDUSDC...
  Executing FullSystemV2#PairWBTCUSDC...
  Executing FullSystemV2#TWAPOracle...
  Executing FullSystemV2#USDC...
  Executing FullSystemV2#USDT...
  Executing FullSystemV2#WBTC...
  Executing FullSystemV2#WETH...

[19A[0JBatch #1
  Executed FullSystemV2#BRS
  Executed FullSystemV2#BTB
  Executed FullSystemV2#BTD
  Executed FullSystemV2#ChainlinkBTCUSD
  Executed FullSystemV2#ChainlinkWBTCBTC
  Executed FullSystemV2#ConfigGov
  Executed FullSystemV2#MockPyth
  Executed FullSystemV2#MockRedstone
  Executed FullSystemV2#PairBRSBTD
  Executing FullSystemV2#PairBTBBTD...
  Executing FullSystemV2#PairBTDUSDC...
  Executing FullSystemV2#PairWBTCUSDC...
  Executing FullSystemV2#TWAPOracle...
  Executing FullSystemV2#USDC...
  Executing FullSystemV2#USDT...
  Executing FullSystemV2#WBTC...
  Executing FullSystemV2#WETH...

[19A[0JBatch #1
  Executed FullSystemV2#BRS
  Executed FullSystemV2#BTB
  Executed FullSystemV2#BTD
  Executed FullSystemV2#ChainlinkBTCUSD
  Executed FullSystemV2#ChainlinkWBTCBTC
  Executed FullSystemV2#ConfigGov
  Executed FullSystemV2#MockPyth
  Executed FullSystemV2#MockRedstone
  Executed FullSystemV2#PairBRSBTD
  Executing FullSystemV2#PairBTBBTD...
  Executing FullSystemV2#PairBTDUSDC...
  Executing FullSystemV2#PairWBTCUSDC...
  Executing FullSystemV2#TWAPOracle...
  Executing FullSystemV2#USDC...
  Executing FullSystemV2#USDT...
  Executing FullSystemV2#WBTC...
  Executing FullSystemV2#WETH...

[19A[0JBatch #1
  Executed FullSystemV2#BRS
  Executed FullSystemV2#BTB
  Executed FullSystemV2#BTD
  Executed FullSystemV2#ChainlinkBTCUSD
  Executed FullSystemV2#ChainlinkWBTCBTC
  Executed FullSystemV2#ConfigGov
  Executed FullSystemV2#MockPyth
  Executed FullSystemV2#MockRedstone
  Executed FullSystemV2#PairBRSBTD
  Executed FullSystemV2#PairBTBBTD
  Executing FullSystemV2#PairBTDUSDC...
  Executing FullSystemV2#PairWBTCUSDC...
  Executing FullSystemV2#TWAPOracle...
  Executing FullSystemV2#USDC...
  Executing FullSystemV2#USDT...
  Executing FullSystemV2#WBTC...
  Executing FullSystemV2#WETH...

[19A[0JBatch #1
  Executed FullSystemV2#BRS
  Executed FullSystemV2#BTB
  Executed FullSystemV2#BTD
  Executed FullSystemV2#ChainlinkBTCUSD
  Executed FullSystemV2#ChainlinkWBTCBTC
  Executed FullSystemV2#ConfigGov
  Executed FullSystemV2#MockPyth
  Executed FullSystemV2#MockRedstone
  Executed FullSystemV2#PairBRSBTD
  Executed FullSystemV2#PairBTBBTD
  Executing FullSystemV2#PairBTDUSDC...
  Executing FullSystemV2#PairWBTCUSDC...
  Executing FullSystemV2#TWAPOracle...
  Executing FullSystemV2#USDC...
  Executing FullSystemV2#USDT...
  Executing FullSystemV2#WBTC...
  Executing FullSystemV2#WETH...

[19A[0JBatch #1
  Executed FullSystemV2#BRS
  Executed FullSystemV2#BTB
  Executed FullSystemV2#BTD
  Executed FullSystemV2#ChainlinkBTCUSD
  Executed FullSystemV2#ChainlinkWBTCBTC
  Executed FullSystemV2#ConfigGov
  Executed FullSystemV2#MockPyth
  Executed FullSystemV2#MockRedstone
  Executed FullSystemV2#PairBRSBTD
  Executed FullSystemV2#PairBTBBTD
  Executed FullSystemV2#PairBTDUSDC
  Executing FullSystemV2#PairWBTCUSDC...
  Executing FullSystemV2#TWAPOracle...
  Executing FullSystemV2#USDC...
  Executing FullSystemV2#USDT...
  Executing FullSystemV2#WBTC...
  Executing FullSystemV2#WETH...

[19A[0JBatch #1
  Executed FullSystemV2#BRS
  Executed FullSystemV2#BTB
  Executed FullSystemV2#BTD
  Executed FullSystemV2#ChainlinkBTCUSD
  Executed FullSystemV2#ChainlinkWBTCBTC
  Executed FullSystemV2#ConfigGov
  Executed FullSystemV2#MockPyth
  Executed FullSystemV2#MockRedstone
  Executed FullSystemV2#PairBRSBTD
  Executed FullSystemV2#PairBTBBTD
  Executed FullSystemV2#PairBTDUSDC
  Executing FullSystemV2#PairWBTCUSDC...
  Executing FullSystemV2#TWAPOracle...
  Executing FullSystemV2#USDC...
  Executing FullSystemV2#USDT...
  Executing FullSystemV2#WBTC...
  Executing FullSystemV2#WETH...

[19A[0JBatch #1
  Executed FullSystemV2#BRS
  Executed FullSystemV2#BTB
  Executed FullSystemV2#BTD
  Executed FullSystemV2#ChainlinkBTCUSD
  Executed FullSystemV2#ChainlinkWBTCBTC
  Executed FullSystemV2#ConfigGov
  Executed FullSystemV2#MockPyth
  Executed FullSystemV2#MockRedstone
  Executed FullSystemV2#PairBRSBTD
  Executed FullSystemV2#PairBTBBTD
  Executed FullSystemV2#PairBTDUSDC
  Executed FullSystemV2#PairWBTCUSDC
  Executing FullSystemV2#TWAPOracle...
  Executing FullSystemV2#USDC...
  Executing FullSystemV2#USDT...
  Executing FullSystemV2#WBTC...
  Executing FullSystemV2#WETH...

[19A[0JBatch #1
  Executed FullSystemV2#BRS
  Executed FullSystemV2#BTB
  Executed FullSystemV2#BTD
  Executed FullSystemV2#ChainlinkBTCUSD
  Executed FullSystemV2#ChainlinkWBTCBTC
  Executed FullSystemV2#ConfigGov
  Executed FullSystemV2#MockPyth
  Executed FullSystemV2#MockRedstone
  Executed FullSystemV2#PairBRSBTD
  Executed FullSystemV2#PairBTBBTD
  Executed FullSystemV2#PairBTDUSDC
  Executed FullSystemV2#PairWBTCUSDC
  Executing FullSystemV2#TWAPOracle...
  Executing FullSystemV2#USDC...
  Executing FullSystemV2#USDT...
  Executing FullSystemV2#WBTC...
  Executing FullSystemV2#WETH...

[19A[0JBatch #1
  Executed FullSystemV2#BRS
  Executed FullSystemV2#BTB
  Executed FullSystemV2#BTD
  Executed FullSystemV2#ChainlinkBTCUSD
  Executed FullSystemV2#ChainlinkWBTCBTC
  Executed FullSystemV2#ConfigGov
  Executed FullSystemV2#MockPyth
  Executed FullSystemV2#MockRedstone
  Executed FullSystemV2#PairBRSBTD
  Executed FullSystemV2#PairBTBBTD
  Executed FullSystemV2#PairBTDUSDC
  Executed FullSystemV2#PairWBTCUSDC
  Executed FullSystemV2#TWAPOracle
  Executing FullSystemV2#USDC...
  Executing FullSystemV2#USDT...
  Executing FullSystemV2#WBTC...
  Executing FullSystemV2#WETH...

[19A[0JBatch #1
  Executed FullSystemV2#BRS
  Executed FullSystemV2#BTB
  Executed FullSystemV2#BTD
  Executed FullSystemV2#ChainlinkBTCUSD
  Executed FullSystemV2#ChainlinkWBTCBTC
  Executed FullSystemV2#ConfigGov
  Executed FullSystemV2#MockPyth
  Executed FullSystemV2#MockRedstone
  Executed FullSystemV2#PairBRSBTD
  Executed FullSystemV2#PairBTBBTD
  Executed FullSystemV2#PairBTDUSDC
  Executed FullSystemV2#PairWBTCUSDC
  Executed FullSystemV2#TWAPOracle
  Executing FullSystemV2#USDC...
  Executing FullSystemV2#USDT...
  Executing FullSystemV2#WBTC...
  Executing FullSystemV2#WETH...

[19A[0JBatch #1
  Executed FullSystemV2#BRS
  Executed FullSystemV2#BTB
  Executed FullSystemV2#BTD
  Executed FullSystemV2#ChainlinkBTCUSD
  Executed FullSystemV2#ChainlinkWBTCBTC
  Executed FullSystemV2#ConfigGov
  Executed FullSystemV2#MockPyth
  Executed FullSystemV2#MockRedstone
  Executed FullSystemV2#PairBRSBTD
  Executed FullSystemV2#PairBTBBTD
  Executed FullSystemV2#PairBTDUSDC
  Executed FullSystemV2#PairWBTCUSDC
  Executed FullSystemV2#TWAPOracle
  Executed FullSystemV2#USDC
  Executing FullSystemV2#USDT...
  Executing FullSystemV2#WBTC...
  Executing FullSystemV2#WETH...

[19A[0JBatch #1
  Executed FullSystemV2#BRS
  Executed FullSystemV2#BTB
  Executed FullSystemV2#BTD
  Executed FullSystemV2#ChainlinkBTCUSD
  Executed FullSystemV2#ChainlinkWBTCBTC
  Executed FullSystemV2#ConfigGov
  Executed FullSystemV2#MockPyth
  Executed FullSystemV2#MockRedstone
  Executed FullSystemV2#PairBRSBTD
  Executed FullSystemV2#PairBTBBTD
  Executed FullSystemV2#PairBTDUSDC
  Executed FullSystemV2#PairWBTCUSDC
  Executed FullSystemV2#TWAPOracle
  Executed FullSystemV2#USDC
  Executing FullSystemV2#USDT...
  Executing FullSystemV2#WBTC...
  Executing FullSystemV2#WETH...

[19A[0JBatch #1
  Executed FullSystemV2#BRS
  Executed FullSystemV2#BTB
  Executed FullSystemV2#BTD
  Executed FullSystemV2#ChainlinkBTCUSD
  Executed FullSystemV2#ChainlinkWBTCBTC
  Executed FullSystemV2#ConfigGov
  Executed FullSystemV2#MockPyth
  Executed FullSystemV2#MockRedstone
  Executed FullSystemV2#PairBRSBTD
  Executed FullSystemV2#PairBTBBTD
  Executed FullSystemV2#PairBTDUSDC
  Executed FullSystemV2#PairWBTCUSDC
  Executed FullSystemV2#TWAPOracle
  Executed FullSystemV2#USDC
  Executed FullSystemV2#USDT
  Executing FullSystemV2#WBTC...
  Executing FullSystemV2#WETH...

[19A[0JBatch #1
  Executed FullSystemV2#BRS
  Executed FullSystemV2#BTB
  Executed FullSystemV2#BTD
  Executed FullSystemV2#ChainlinkBTCUSD
  Executed FullSystemV2#ChainlinkWBTCBTC
  Executed FullSystemV2#ConfigGov
  Executed FullSystemV2#MockPyth
  Executed FullSystemV2#MockRedstone
  Executed FullSystemV2#PairBRSBTD
  Executed FullSystemV2#PairBTBBTD
  Executed FullSystemV2#PairBTDUSDC
  Executed FullSystemV2#PairWBTCUSDC
  Executed FullSystemV2#TWAPOracle
  Executed FullSystemV2#USDC
  Executed FullSystemV2#USDT
  Executing FullSystemV2#WBTC...
  Executing FullSystemV2#WETH...

[19A[0JBatch #1
  Executed FullSystemV2#BRS
  Executed FullSystemV2#BTB
  Executed FullSystemV2#BTD
  Executed FullSystemV2#ChainlinkBTCUSD
  Executed FullSystemV2#ChainlinkWBTCBTC
  Executed FullSystemV2#ConfigGov
  Executed FullSystemV2#MockPyth
  Executed FullSystemV2#MockRedstone
  Executed FullSystemV2#PairBRSBTD
  Executed FullSystemV2#PairBTBBTD
  Executed FullSystemV2#PairBTDUSDC
  Executed FullSystemV2#PairWBTCUSDC
  Executed FullSystemV2#TWAPOracle
  Executed FullSystemV2#USDC
  Executed FullSystemV2#USDT
  Executed FullSystemV2#WBTC
  Executing FullSystemV2#WETH...

[19A[0JBatch #1
  Executed FullSystemV2#BRS
  Executed FullSystemV2#BTB
  Executed FullSystemV2#BTD
  Executed FullSystemV2#ChainlinkBTCUSD
  Executed FullSystemV2#ChainlinkWBTCBTC
  Executed FullSystemV2#ConfigGov
  Executed FullSystemV2#MockPyth
  Executed FullSystemV2#MockRedstone
  Executed FullSystemV2#PairBRSBTD
  Executed FullSystemV2#PairBTBBTD
  Executed FullSystemV2#PairBTDUSDC
  Executed FullSystemV2#PairWBTCUSDC
  Executed FullSystemV2#TWAPOracle
  Executed FullSystemV2#USDC
  Executed FullSystemV2#USDT
  Executed FullSystemV2#WBTC
  Executing FullSystemV2#WETH...

[19A[0JBatch #1
  Executed FullSystemV2#BRS
  Executed FullSystemV2#BTB
  Executed FullSystemV2#BTD
  Executed FullSystemV2#ChainlinkBTCUSD
  Executed FullSystemV2#ChainlinkWBTCBTC
  Executed FullSystemV2#ConfigGov
  Executed FullSystemV2#MockPyth
  Executed FullSystemV2#MockRedstone
  Executed FullSystemV2#PairBRSBTD
  Executed FullSystemV2#PairBTBBTD
  Executed FullSystemV2#PairBTDUSDC
  Executed FullSystemV2#PairWBTCUSDC
  Executed FullSystemV2#TWAPOracle
  Executed FullSystemV2#USDC
  Executed FullSystemV2#USDT
  Executed FullSystemV2#WBTC
  Executed FullSystemV2#WETH

[19A[0JBatch #1
  Executed FullSystemV2#BRS
  Executed FullSystemV2#BTB
  Executed FullSystemV2#BTD
  Executed FullSystemV2#ChainlinkBTCUSD
  Executed FullSystemV2#ChainlinkWBTCBTC
  Executed FullSystemV2#ConfigGov
  Executed FullSystemV2#MockPyth
  Executed FullSystemV2#MockRedstone
  Executed FullSystemV2#PairBRSBTD
  Executed FullSystemV2#PairBTBBTD
  Executed FullSystemV2#PairBTDUSDC
  Executed FullSystemV2#PairWBTCUSDC
  Executed FullSystemV2#TWAPOracle
  Executed FullSystemV2#USDC
  Executed FullSystemV2#USDT
  Executed FullSystemV2#WBTC
  Executed FullSystemV2#WETH

Batch #2
  Executing FullSystemV2#ConfigCore...
  Executing FullSystemV2#ConfigGovSetParams...
  Executing FullSystemV2#InitPairBRSBTD...
  Executing FullSystemV2#InitPairBTBBTD...
  Executing FullSystemV2#InitPairBTDUSDC...
  Executing FullSystemV2#InitPairWBTCUSDC...
  Executing FullSystemV2#SetPceFeed...
  Executing FullSystemV2#stBTB...
  Executing FullSystemV2#stBTD...

[11A[0JBatch #2
  Executing FullSystemV2#ConfigCore...
  Executing FullSystemV2#ConfigGovSetParams...
  Executing FullSystemV2#InitPairBRSBTD...
  Executing FullSystemV2#InitPairBTBBTD...
  Executing FullSystemV2#InitPairBTDUSDC...
  Executing FullSystemV2#InitPairWBTCUSDC...
  Executing FullSystemV2#SetPceFeed...
  Executing FullSystemV2#stBTB...
  Executing FullSystemV2#stBTD...

[11A[0JBatch #2
  Executed FullSystemV2#ConfigCore
  Executing FullSystemV2#ConfigGovSetParams...
  Executing FullSystemV2#InitPairBRSBTD...
  Executing FullSystemV2#InitPairBTBBTD...
  Executing FullSystemV2#InitPairBTDUSDC...
  Executing FullSystemV2#InitPairWBTCUSDC...
  Executing FullSystemV2#SetPceFeed...
  Executing FullSystemV2#stBTB...
  Executing FullSystemV2#stBTD...

[11A[0JBatch #2
  Executed FullSystemV2#ConfigCore
  Executing FullSystemV2#ConfigGovSetParams...
  Executing FullSystemV2#InitPairBRSBTD...
  Executing FullSystemV2#InitPairBTBBTD...
  Executing FullSystemV2#InitPairBTDUSDC...
  Executing FullSystemV2#InitPairWBTCUSDC...
  Executing FullSystemV2#SetPceFeed...
  Executing FullSystemV2#stBTB...
  Executing FullSystemV2#stBTD...

[11A[0JBatch #2
  Executed FullSystemV2#ConfigCore
  Executed FullSystemV2#ConfigGovSetParams
  Executing FullSystemV2#InitPairBRSBTD...
  Executing FullSystemV2#InitPairBTBBTD...
  Executing FullSystemV2#InitPairBTDUSDC...
  Executing FullSystemV2#InitPairWBTCUSDC...
  Executing FullSystemV2#SetPceFeed...
  Executing FullSystemV2#stBTB...
  Executing FullSystemV2#stBTD...

[11A[0JBatch #2
  Executed FullSystemV2#ConfigCore
  Executed FullSystemV2#ConfigGovSetParams
  Executing FullSystemV2#InitPairBRSBTD...
  Executing FullSystemV2#InitPairBTBBTD...
  Executing FullSystemV2#InitPairBTDUSDC...
  Executing FullSystemV2#InitPairWBTCUSDC...
  Executing FullSystemV2#SetPceFeed...
  Executing FullSystemV2#stBTB...
  Executing FullSystemV2#stBTD...

[11A[0JBatch #2
  Executed FullSystemV2#ConfigCore
  Executed FullSystemV2#ConfigGovSetParams
  Executed FullSystemV2#InitPairBRSBTD
  Executing FullSystemV2#InitPairBTBBTD...
  Executing FullSystemV2#InitPairBTDUSDC...
  Executing FullSystemV2#InitPairWBTCUSDC...
  Executing FullSystemV2#SetPceFeed...
  Executing FullSystemV2#stBTB...
  Executing FullSystemV2#stBTD...

[11A[0JBatch #2
  Executed FullSystemV2#ConfigCore
  Executed FullSystemV2#ConfigGovSetParams
  Executed FullSystemV2#InitPairBRSBTD
  Executing FullSystemV2#InitPairBTBBTD...
  Executing FullSystemV2#InitPairBTDUSDC...
  Executing FullSystemV2#InitPairWBTCUSDC...
  Executing FullSystemV2#SetPceFeed...
  Executing FullSystemV2#stBTB...
  Executing FullSystemV2#stBTD...

[11A[0JBatch #2
  Executed FullSystemV2#ConfigCore
  Executed FullSystemV2#ConfigGovSetParams
  Executed FullSystemV2#InitPairBRSBTD
  Executed FullSystemV2#InitPairBTBBTD
  Executing FullSystemV2#InitPairBTDUSDC...
  Executing FullSystemV2#InitPairWBTCUSDC...
  Executing FullSystemV2#SetPceFeed...
  Executing FullSystemV2#stBTB...
  Executing FullSystemV2#stBTD...

[11A[0JBatch #2
  Executed FullSystemV2#ConfigCore
  Executed FullSystemV2#ConfigGovSetParams
  Executed FullSystemV2#InitPairBRSBTD
  Executed FullSystemV2#InitPairBTBBTD
  Executing FullSystemV2#InitPairBTDUSDC...
  Executing FullSystemV2#InitPairWBTCUSDC...
  Executing FullSystemV2#SetPceFeed...
  Executing FullSystemV2#stBTB...
  Executing FullSystemV2#stBTD...

[11A[0JBatch #2
  Executed FullSystemV2#ConfigCore
  Executed FullSystemV2#ConfigGovSetParams
  Executed FullSystemV2#InitPairBRSBTD
  Executed FullSystemV2#InitPairBTBBTD
  Executed FullSystemV2#InitPairBTDUSDC
  Executing FullSystemV2#InitPairWBTCUSDC...
  Executing FullSystemV2#SetPceFeed...
  Executing FullSystemV2#stBTB...
  Executing FullSystemV2#stBTD...

[11A[0JBatch #2
  Executed FullSystemV2#ConfigCore
  Executed FullSystemV2#ConfigGovSetParams
  Executed FullSystemV2#InitPairBRSBTD
  Executed FullSystemV2#InitPairBTBBTD
  Executed FullSystemV2#InitPairBTDUSDC
  Executing FullSystemV2#InitPairWBTCUSDC...
  Executing FullSystemV2#SetPceFeed...
  Executing FullSystemV2#stBTB...
  Executing FullSystemV2#stBTD...

[11A[0JBatch #2
  Executed FullSystemV2#ConfigCore
  Executed FullSystemV2#ConfigGovSetParams
  Executed FullSystemV2#InitPairBRSBTD
  Executed FullSystemV2#InitPairBTBBTD
  Executed FullSystemV2#InitPairBTDUSDC
  Executed FullSystemV2#InitPairWBTCUSDC
  Executing FullSystemV2#SetPceFeed...
  Executing FullSystemV2#stBTB...
  Executing FullSystemV2#stBTD...

[11A[0JBatch #2
  Executed FullSystemV2#ConfigCore
  Executed FullSystemV2#ConfigGovSetParams
  Executed FullSystemV2#InitPairBRSBTD
  Executed FullSystemV2#InitPairBTBBTD
  Executed FullSystemV2#InitPairBTDUSDC
  Executed FullSystemV2#InitPairWBTCUSDC
  Executing FullSystemV2#SetPceFeed...
  Executing FullSystemV2#stBTB...
  Executing FullSystemV2#stBTD...

[11A[0JBatch #2
  Executed FullSystemV2#ConfigCore
  Executed FullSystemV2#ConfigGovSetParams
  Executed FullSystemV2#InitPairBRSBTD
  Executed FullSystemV2#InitPairBTBBTD
  Executed FullSystemV2#InitPairBTDUSDC
  Executed FullSystemV2#InitPairWBTCUSDC
  Executed FullSystemV2#SetPceFeed
  Executing FullSystemV2#stBTB...
  Executing FullSystemV2#stBTD...

[11A[0JBatch #2
  Executed FullSystemV2#ConfigCore
  Executed FullSystemV2#ConfigGovSetParams
  Executed FullSystemV2#InitPairBRSBTD
  Executed FullSystemV2#InitPairBTBBTD
  Executed FullSystemV2#InitPairBTDUSDC
  Executed FullSystemV2#InitPairWBTCUSDC
  Executed FullSystemV2#SetPceFeed
  Executing FullSystemV2#stBTB...
  Executing FullSystemV2#stBTD...

[11A[0JBatch #2
  Executed FullSystemV2#ConfigCore
  Executed FullSystemV2#ConfigGovSetParams
  Executed FullSystemV2#InitPairBRSBTD
  Executed FullSystemV2#InitPairBTBBTD
  Executed FullSystemV2#InitPairBTDUSDC
  Executed FullSystemV2#InitPairWBTCUSDC
  Executed FullSystemV2#SetPceFeed
  Executed FullSystemV2#stBTB
  Executing FullSystemV2#stBTD...

[11A[0JBatch #2
  Executed FullSystemV2#ConfigCore
  Executed FullSystemV2#ConfigGovSetParams
  Executed FullSystemV2#InitPairBRSBTD
  Executed FullSystemV2#InitPairBTBBTD
  Executed FullSystemV2#InitPairBTDUSDC
  Executed FullSystemV2#InitPairWBTCUSDC
  Executed FullSystemV2#SetPceFeed
  Executed FullSystemV2#stBTB
  Executing FullSystemV2#stBTD...

[11A[0JBatch #2
  Executed FullSystemV2#ConfigCore
  Executed FullSystemV2#ConfigGovSetParams
  Executed FullSystemV2#InitPairBRSBTD
  Executed FullSystemV2#InitPairBTBBTD
  Executed FullSystemV2#InitPairBTDUSDC
  Executed FullSystemV2#InitPairWBTCUSDC
  Executed FullSystemV2#SetPceFeed
  Executed FullSystemV2#stBTB
  Executed FullSystemV2#stBTD

[11A[0JBatch #2
  Executed FullSystemV2#ConfigCore
  Executed FullSystemV2#ConfigGovSetParams
  Executed FullSystemV2#InitPairBRSBTD
  Executed FullSystemV2#InitPairBTBBTD
  Executed FullSystemV2#InitPairBTDUSDC
  Executed FullSystemV2#InitPairWBTCUSDC
  Executed FullSystemV2#SetPceFeed
  Executed FullSystemV2#stBTB
  Executed FullSystemV2#stBTD

Batch #3
  Executing FullSystemV2#IdealUSDManager...
  Executing FullSystemV2#InterestPool...
  Executing FullSystemV2#Minter...
  Executing FullSystemV2#PriceOracle...
  Executing FullSystemV2#Treasury...

[7A[0JBatch #3
  Executing FullSystemV2#IdealUSDManager...
  Executing FullSystemV2#InterestPool...
  Executing FullSystemV2#Minter...
  Executing FullSystemV2#PriceOracle...
  Executing FullSystemV2#Treasury...

[7A[0JBatch #3
  Executed FullSystemV2#IdealUSDManager
  Executing FullSystemV2#InterestPool...
  Executing FullSystemV2#Minter...
  Executing FullSystemV2#PriceOracle...
  Executing FullSystemV2#Treasury...

[7A[0JBatch #3
  Executed FullSystemV2#IdealUSDManager
  Executing FullSystemV2#InterestPool...
  Executing FullSystemV2#Minter...
  Executing FullSystemV2#PriceOracle...
  Executing FullSystemV2#Treasury...

[7A[0JBatch #3
  Executed FullSystemV2#IdealUSDManager
  Executed FullSystemV2#InterestPool
  Executing FullSystemV2#Minter...
  Executing FullSystemV2#PriceOracle...
  Executing FullSystemV2#Treasury...

[7A[0JBatch #3
  Executed FullSystemV2#IdealUSDManager
  Executed FullSystemV2#InterestPool
  Executing FullSystemV2#Minter...
  Executing FullSystemV2#PriceOracle...
  Executing FullSystemV2#Treasury...

[7A[0JBatch #3
  Executed FullSystemV2#IdealUSDManager
  Executed FullSystemV2#InterestPool
  Executed FullSystemV2#Minter
  Executing FullSystemV2#PriceOracle...
  Executing FullSystemV2#Treasury...

[7A[0JBatch #3
  Executed FullSystemV2#IdealUSDManager
  Executed FullSystemV2#InterestPool
  Executed FullSystemV2#Minter
  Executing FullSystemV2#PriceOracle...
  Executing FullSystemV2#Treasury...

[7A[0JBatch #3
  Executed FullSystemV2#IdealUSDManager
  Executed FullSystemV2#InterestPool
  Executed FullSystemV2#Minter
  Executed FullSystemV2#PriceOracle
  Executing FullSystemV2#Treasury...

[7A[0JBatch #3
  Executed FullSystemV2#IdealUSDManager
  Executed FullSystemV2#InterestPool
  Executed FullSystemV2#Minter
  Executed FullSystemV2#PriceOracle
  Executing FullSystemV2#Treasury...

[7A[0JBatch #3
  Executed FullSystemV2#IdealUSDManager
  Executed FullSystemV2#InterestPool
  Executed FullSystemV2#Minter
  Executed FullSystemV2#PriceOracle
  Executed FullSystemV2#Treasury

[7A[0JBatch #3
  Executed FullSystemV2#IdealUSDManager
  Executed FullSystemV2#InterestPool
  Executed FullSystemV2#Minter
  Executed FullSystemV2#PriceOracle
  Executed FullSystemV2#Treasury

Batch #4
  Executing FullSystemV2#BTBGrantMinterRoleInterestPool...
  Executing FullSystemV2#BTBGrantMinterRoleMinter...
  Executing FullSystemV2#BTDGrantMinterRoleInterestPool...
  Executing FullSystemV2#BTDGrantMinterRoleMinter...
  Executing FullSystemV2#ConfigCore.setCoreContracts...
  Executing FullSystemV2#FarmingPool...

[8A[0JBatch #4
  Executing FullSystemV2#BTBGrantMinterRoleInterestPool...
  Executing FullSystemV2#BTBGrantMinterRoleMinter...
  Executing FullSystemV2#BTDGrantMinterRoleInterestPool...
  Executing FullSystemV2#BTDGrantMinterRoleMinter...
  Executing FullSystemV2#ConfigCore.setCoreContracts...
  Executing FullSystemV2#FarmingPool...

[8A[0JBatch #4
  Executed FullSystemV2#BTBGrantMinterRoleInterestPool
  Executing FullSystemV2#BTBGrantMinterRoleMinter...
  Executing FullSystemV2#BTDGrantMinterRoleInterestPool...
  Executing FullSystemV2#BTDGrantMinterRoleMinter...
  Executing FullSystemV2#ConfigCore.setCoreContracts...
  Executing FullSystemV2#FarmingPool...

[8A[0JBatch #4
  Executed FullSystemV2#BTBGrantMinterRoleInterestPool
  Executing FullSystemV2#BTBGrantMinterRoleMinter...
  Executing FullSystemV2#BTDGrantMinterRoleInterestPool...
  Executing FullSystemV2#BTDGrantMinterRoleMinter...
  Executing FullSystemV2#ConfigCore.setCoreContracts...
  Executing FullSystemV2#FarmingPool...

[8A[0JBatch #4
  Executed FullSystemV2#BTBGrantMinterRoleInterestPool
  Executed FullSystemV2#BTBGrantMinterRoleMinter
  Executing FullSystemV2#BTDGrantMinterRoleInterestPool...
  Executing FullSystemV2#BTDGrantMinterRoleMinter...
  Executing FullSystemV2#ConfigCore.setCoreContracts...
  Executing FullSystemV2#FarmingPool...

[8A[0JBatch #4
  Executed FullSystemV2#BTBGrantMinterRoleInterestPool
  Executed FullSystemV2#BTBGrantMinterRoleMinter
  Executing FullSystemV2#BTDGrantMinterRoleInterestPool...
  Executing FullSystemV2#BTDGrantMinterRoleMinter...
  Executing FullSystemV2#ConfigCore.setCoreContracts...
  Executing FullSystemV2#FarmingPool...

[8A[0JBatch #4
  Executed FullSystemV2#BTBGrantMinterRoleInterestPool
  Executed FullSystemV2#BTBGrantMinterRoleMinter
  Executed FullSystemV2#BTDGrantMinterRoleInterestPool
  Executing FullSystemV2#BTDGrantMinterRoleMinter...
  Executing FullSystemV2#ConfigCore.setCoreContracts...
  Executing FullSystemV2#FarmingPool...

[8A[0JBatch #4
  Executed FullSystemV2#BTBGrantMinterRoleInterestPool
  Executed FullSystemV2#BTBGrantMinterRoleMinter
  Executed FullSystemV2#BTDGrantMinterRoleInterestPool
  Executing FullSystemV2#BTDGrantMinterRoleMinter...
  Executing FullSystemV2#ConfigCore.setCoreContracts...
  Executing FullSystemV2#FarmingPool...

[8A[0JBatch #4
  Executed FullSystemV2#BTBGrantMinterRoleInterestPool
  Executed FullSystemV2#BTBGrantMinterRoleMinter
  Executed FullSystemV2#BTDGrantMinterRoleInterestPool
  Executed FullSystemV2#BTDGrantMinterRoleMinter
  Executing FullSystemV2#ConfigCore.setCoreContracts...
  Executing FullSystemV2#FarmingPool...

[8A[0JBatch #4
  Executed FullSystemV2#BTBGrantMinterRoleInterestPool
  Executed FullSystemV2#BTBGrantMinterRoleMinter
  Executed FullSystemV2#BTDGrantMinterRoleInterestPool
  Executed FullSystemV2#BTDGrantMinterRoleMinter
  Executing FullSystemV2#ConfigCore.setCoreContracts...
  Executing FullSystemV2#FarmingPool...

[8A[0JBatch #4
  Executed FullSystemV2#BTBGrantMinterRoleInterestPool
  Executed FullSystemV2#BTBGrantMinterRoleMinter
  Executed FullSystemV2#BTDGrantMinterRoleInterestPool
  Executed FullSystemV2#BTDGrantMinterRoleMinter
  Executed FullSystemV2#ConfigCore.setCoreContracts
  Executing FullSystemV2#FarmingPool...

[8A[0JBatch #4
  Executed FullSystemV2#BTBGrantMinterRoleInterestPool
  Executed FullSystemV2#BTBGrantMinterRoleMinter
  Executed FullSystemV2#BTDGrantMinterRoleInterestPool
  Executed FullSystemV2#BTDGrantMinterRoleMinter
  Executed FullSystemV2#ConfigCore.setCoreContracts
  Executing FullSystemV2#FarmingPool...

[8A[0JBatch #4
  Executed FullSystemV2#BTBGrantMinterRoleInterestPool
  Executed FullSystemV2#BTBGrantMinterRoleMinter
  Executed FullSystemV2#BTDGrantMinterRoleInterestPool
  Executed FullSystemV2#BTDGrantMinterRoleMinter
  Executed FullSystemV2#ConfigCore.setCoreContracts
  Executed FullSystemV2#FarmingPool

[8A[0JBatch #4
  Executed FullSystemV2#BTBGrantMinterRoleInterestPool
  Executed FullSystemV2#BTBGrantMinterRoleMinter
  Executed FullSystemV2#BTDGrantMinterRoleInterestPool
  Executed FullSystemV2#BTDGrantMinterRoleMinter
  Executed FullSystemV2#ConfigCore.setCoreContracts
  Executed FullSystemV2#FarmingPool

Batch #5
  Executing FullSystemV2#StakingRouter...
  Executing FullSystemV2#TransferBRSToFarmingPool...

[4A[0JBatch #5
  Executing FullSystemV2#StakingRouter...
  Executing FullSystemV2#TransferBRSToFarmingPool...

[4A[0JBatch #5
  Executed FullSystemV2#StakingRouter
  Executing FullSystemV2#TransferBRSToFarmingPool...

[4A[0JBatch #5
  Executed FullSystemV2#StakingRouter
  Executing FullSystemV2#TransferBRSToFarmingPool...

[4A[0JBatch #5
  Executed FullSystemV2#StakingRouter
  Executed FullSystemV2#TransferBRSToFarmingPool

[4A[0JBatch #5
  Executed FullSystemV2#StakingRouter
  Executed FullSystemV2#TransferBRSToFarmingPool

Batch #6
  Executing FullSystemV2#ConfigCore.setPeripheralContracts...

[3A[0JBatch #6
  Executing FullSystemV2#ConfigCore.setPeripheralContracts...

[3A[0JBatch #6
  Executed FullSystemV2#ConfigCore.setPeripheralContracts

[3A[0JBatch #6
  Executed FullSystemV2#ConfigCore.setPeripheralContracts

[ FullSystemV2 ] successfully deployed 🚀

Deployed Addresses

FullSystemV2#BRS - 0x5FbDB2315678afecb367f032d93F642f64180aa3
FullSystemV2#BTB - 0xe7f1725E7734CE288F8367e1Bb143E90bb3F0512
FullSystemV2#BTD - 0x9fE46736679d2D9a65F0992F2272dE9f3c7fa6e0
FullSystemV2#ChainlinkBTCUSD - 0xCf7Ed3AccA5a467e9e704C703E8D87F634fB0Fc9
FullSystemV2#ChainlinkWBTCBTC - 0xDc64a140Aa3E981100a9becA4E685f962f0cF6C9
FullSystemV2#ConfigGov - 0x5FC8d32690cc91D4c39d9d3abcBD16989F875707
FullSystemV2#MockPyth - 0x0165878A594ca255338adfa4d48449f69242Eb8F
FullSystemV2#MockRedstone - 0xa513E6E4b8f2a923D98304ec87F64353C4D5C853
FullSystemV2#PairBRSBTD - 0x2279B7A0a67DB372996a5FaB50D91eAA73d2eBe6
FullSystemV2#PairBTBBTD - 0x8A791620dd6260079BF849Dc5567aDC3F2FdC318
FullSystemV2#PairBTDUSDC - 0x610178dA211FEF7D417bC0e6FeD39F05609AD788
FullSystemV2#PairWBTCUSDC - 0xB7f8BC63BbcaD18155201308C8f3540b07f84F5e
FullSystemV2#TWAPOracle - 0xA51c1fc2f0D1a1b8494Ed1FE312d7C3a78Ed91C0
FullSystemV2#USDC - 0x0DCd1Bf9A1b36cE34237eEaFef220932846BCD82
FullSystemV2#USDT - 0x9A676e781A523b5d0C0e43731313A708CB607508
FullSystemV2#WBTC - 0x0B306BF915C4d645ff596e518fAf3F9669b97016
FullSystemV2#WETH - 0x959922bE3CAee4b8Cd9a407cc3ac1C251C2007B1
FullSystemV2#ConfigCore - 0x9A9f2CCfdE556A7E9Ff0848998Aa4a0CFD8863AE
FullSystemV2#stBTB - 0xa85233C63b9Ee964Add6F2cffe00Fd84eb32338f
FullSystemV2#stBTD - 0x4A679253410272dd5232B3Ff7cF5dbB88f295319
FullSystemV2#IdealUSDManager - 0x7a2088a1bFc9d81c55368AE168C2C02570cB814F
FullSystemV2#InterestPool - 0x09635F643e140090A9A8Dcd712eD6285858ceBef
FullSystemV2#Minter - 0xc5a5C42992dECbae36851359345FE25997F5C42d
FullSystemV2#PriceOracle - 0x67d269191c92Caf3cD7723F116c85e6E9bf55933
FullSystemV2#Treasury - 0xE6E340D132b5f46d1e472DebcD681B2aBc16e57E
FullSystemV2#FarmingPool - 0x851356ae760d987E095750cCeb3bC6014560891C
FullSystemV2#StakingRouter - 0xf5059a5D33d5853360D16C683c16e67980206f36
